2023-06-30 16:41:02:412 [35mhttp[39m: [35mGET /auth/github/callback?code=cdf7ffe4754a695bd9a4 404 159 - 2.874 ms[39m
[35m[39m
2023-06-30 20:29:40:2940 [35mhttp[39m: [35mGET /auth/github/callback?code=%3Cscript%3E\/*Not+Safe%E2%80%A6?+*/%3C/script%3E 404 159 - 6.387 ms[39m
[35m[39m
2023-06-30 20:29:45:2945 [35mhttp[39m: [35mGET /auth/github/callback?code=%3Cscript%3E\/*Not+Safe%E2%80%A6?+*/%3C/script%3E 404 159 - 0.467 ms[39m
[35m[39m
2023-07-01 18:10:59:1059 [35mhttp[39m: [35mGET /auth/github/callback?code=%3Cscript%3E\/*Not+Safe%E2%80%A6?+*/%3C/script%3E 404 159 - 4.715 ms[39m
[35m[39m
2023-07-01 18:11:00:110 [35mhttp[39m: [35mGET /auth/github/callback?code=%3Cscript%3E\/*Not+Safe%E2%80%A6?+*/%3C/script%3E 404 159 - 1.209 ms[39m
[35m[39m
2023-07-01 18:11:01:111 [35mhttp[39m: [35mGET /auth/github/callback?code=cdf7ffe4754a695bd9a4 404 159 - 0.479 ms[39m
[35m[39m
2023-07-01 18:11:02:112 [35mhttp[39m: [35mGET /auth/github/callback?code=cf0e42d3d9d88fd8c880 404 159 - 0.644 ms[39m
[35m[39m
2023-07-01 18:11:03:113 [35mhttp[39m: [35mGET /auth/github/callback?code=cc3c68c52aa40d2792cf 404 159 - 1.079 ms[39m
[35m[39m
2023-07-01 21:14:17:1417 [35mhttp[39m: [35mPOST /auth/password/reset 200 54 - 421.029 ms[39m
[35m[39m
2023-07-01 21:14:18:1418 [31merror[39m: [31mInvalid login: 535-5.7.8 Username and Password not accepted. Learn more at[39m
[31m535 5.7.8  https://support.google.com/mail/?p=BadCredentials c23-20020a05600c0ad700b003fbc9371193sm4397934wmr.13 - gsmtp[39m
2023-07-01 21:17:14:1714 [35mhttp[39m: [35mPOST /auth/password/reset 200 54 - 255.636 ms[39m
[35m[39m
2023-07-01 21:19:06:196 [35mhttp[39m: [35mPOST /auth/password/reset 200 54 - 126.174 ms[39m
[35m[39m
2023-07-01 21:21:28:2128 [31merror[39m: [31mCouldn't send email[39m
2023-07-01 21:54:34:5434 [31merror[39m: [31mCouldn't send email[39m
2023-07-01 21:54:36:5436 [35mhttp[39m: [35mPOST /auth/password/reset - - - - ms[39m
[35m[39m
2023-07-01 21:55:43:5543 [31merror[39m: [31mCouldn't send email[39m
2023-07-01 21:57:02:572 [31merror[39m: [31mCouldn't send email[39m
2023-07-01 21:57:05:575 [35mhttp[39m: [35mPOST /auth/password/reset - - - - ms[39m
[35m[39m
2023-07-01 21:59:02:592 [31merror[39m: [31mCouldn't send email[39m
2023-07-01 21:59:04:594 [35mhttp[39m: [35mPOST /auth/password/reset - - - - ms[39m
[35m[39m
2023-07-01 22:02:43:243 [31merror[39m: [31mCouldn't send email[39m
2023-07-01 22:05:27:527 [31merror[39m: [31mCouldn't send email[39m
2023-07-01 22:20:30:2030 [31merror[39m: [31mCouldn't send email[39m
2023-07-01 22:20:33:2033 [32minfo[39m: [32m{[39m
[32m  accepted: [ 'be4oy.hani@gmail.com' ],[39m
[32m  rejected: [],[39m
[32m  ehlo: [[39m
[32m    'SIZE 157286400',[39m
[32m    'PIPELINING',[39m
[32m    'DSN',[39m
[32m    'ENHANCEDSTATUSCODES',[39m
[32m    'AUTH LOGIN XOAUTH2',[39m
[32m    '8BITMIME',[39m
[32m    'BINARYMIME',[39m
[32m    'CHUNKING',[39m
[32m    'SMTPUTF8'[39m
[32m  ],[39m
[32m  envelopeTime: 317,[39m
[32m  messageTime: 559,[39m
[32m  messageSize: 464,[39m
[32m  response: '250 2.0.0 OK <c75e6919-6efe-fd75-568f-d2e35f43caa8@eng.asu.edu.eg> [Hostname=AM0PR01MB3810.eurprd01.prod.exchangelabs.com]',[39m
[32m  envelope: { from: 'e07885@eng.asu.edu.eg', to: [ 'be4oy.hani@gmail.com' ] },[39m
[32m  messageId: '<c75e6919-6efe-fd75-568f-d2e35f43caa8@eng.asu.edu.eg>'[39m
[32m}[39m
2023-07-01 22:21:43:2143 [35mhttp[39m: [35mPOST /auth/password/reset - - - - ms[39m
[35m[39m
2023-07-01 22:26:44:2644 [31merror[39m: [31mCouldn't send email[39m
2023-07-01 22:26:46:2646 [35mhttp[39m: [35mPOST /auth/password/reset - - - - ms[39m
[35m[39m
2023-07-01 22:26:47:2647 [32minfo[39m: [32m{[39m
[32m  accepted: [ 'be4oy.hani@gmail.com' ],[39m
[32m  rejected: [],[39m
[32m  ehlo: [[39m
[32m    'SIZE 157286400',[39m
[32m    'PIPELINING',[39m
[32m    'DSN',[39m
[32m    'ENHANCEDSTATUSCODES',[39m
[32m    'AUTH LOGIN XOAUTH2',[39m
[32m    '8BITMIME',[39m
[32m    'BINARYMIME',[39m
[32m    'CHUNKING',[39m
[32m    'SMTPUTF8'[39m
[32m  ],[39m
[32m  envelopeTime: 246,[39m
[32m  messageTime: 422,[39m
[32m  messageSize: 464,[39m
[32m  response: '250 2.0.0 OK <c568ee6e-dfac-856f-39ec-d84dffb4dbe7@eng.asu.edu.eg> [Hostname=AM0PR01MB3810.eurprd01.prod.exchangelabs.com]',[39m
[32m  envelope: { from: 'e07885@eng.asu.edu.eg', to: [ 'be4oy.hani@gmail.com' ] },[39m
[32m  messageId: '<c568ee6e-dfac-856f-39ec-d84dffb4dbe7@eng.asu.edu.eg>'[39m
[32m}[39m
2023-07-01 22:28:28:2828 [35mhttp[39m: [35mPOST /auth/password/reset 200 54 - 116.459 ms[39m
[35m[39m
2023-07-01 22:28:30:2830 [32minfo[39m: [32m{[39m
[32m  accepted: [ 'be4oy.hani@gmail.com' ],[39m
[32m  rejected: [],[39m
[32m  ehlo: [[39m
[32m    'SIZE 157286400',[39m
[32m    'PIPELINING',[39m
[32m    'DSN',[39m
[32m    'ENHANCEDSTATUSCODES',[39m
[32m    'AUTH LOGIN XOAUTH2',[39m
[32m    '8BITMIME',[39m
[32m    'BINARYMIME',[39m
[32m    'CHUNKING',[39m
[32m    'SMTPUTF8'[39m
[32m  ],[39m
[32m  envelopeTime: 259,[39m
[32m  messageTime: 351,[39m
[32m  messageSize: 464,[39m
[32m  response: '250 2.0.0 OK <0b661d91-1a47-4177-24bc-5c5ddb3c37e2@eng.asu.edu.eg> [Hostname=AM0PR01MB3810.eurprd01.prod.exchangelabs.com]',[39m
[32m  envelope: { from: 'e07885@eng.asu.edu.eg', to: [ 'be4oy.hani@gmail.com' ] },[39m
[32m  messageId: '<0b661d91-1a47-4177-24bc-5c5ddb3c37e2@eng.asu.edu.eg>'[39m
[32m}[39m
2023-07-01 23:53:09:539 [35mhttp[39m: [35mPOST /auth/password/reset 200 54 - 114.593 ms[39m
[35m[39m
2023-07-01 23:53:11:5311 [32minfo[39m: [32m{[39m
[32m  accepted: [ 'be4oy.hani@gmail.com' ],[39m
[32m  rejected: [],[39m
[32m  ehlo: [[39m
[32m    'SIZE 157286400',[39m
[32m    'PIPELINING',[39m
[32m    'DSN',[39m
[32m    'ENHANCEDSTATUSCODES',[39m
[32m    'AUTH LOGIN XOAUTH2',[39m
[32m    '8BITMIME',[39m
[32m    'BINARYMIME',[39m
[32m    'CHUNKING',[39m
[32m    'SMTPUTF8'[39m
[32m  ],[39m
[32m  envelopeTime: 254,[39m
[32m  messageTime: 346,[39m
[32m  messageSize: 464,[39m
[32m  response: '250 2.0.0 OK <367345fc-e6c0-6ea5-45cb-b1a6efc17909@eng.asu.edu.eg> [Hostname=AM0PR01MB3810.eurprd01.prod.exchangelabs.com]',[39m
[32m  envelope: { from: 'e07885@eng.asu.edu.eg', to: [ 'be4oy.hani@gmail.com' ] },[39m
[32m  messageId: '<367345fc-e6c0-6ea5-45cb-b1a6efc17909@eng.asu.edu.eg>'[39m
[32m}[39m
2023-07-01 23:53:37:5337 [35mhttp[39m: [35mGET /passwordReset?token=27ebdf93794f0637783caaaedd73a57ed2880749e0ce35f99d4cd0ec5f1a8be4&id=649dd06e501952654706e7e7 404 152 - 4.634 ms[39m
[35m[39m
2023-07-02 00:05:24:524 [35mhttp[39m: [35mPOST /passwordReset?token=27ebdf93794f0637783caaaedd73a57ed2880749e0ce35f99d4cd0ec5f1a8be4&id=649dd06e501952654706e7e7&password=11111111 404 153 - 3.394 ms[39m
[35m[39m
2023-07-02 00:06:40:640 [35mhttp[39m: [35mPOST /passwordReset?token=27ebdf93794f0637783caaaedd73a57ed2880749e0ce35f99d4cd0ec5f1a8be4&id=649dd06e501952654706e7e7&password=11111111 404 153 - 2.871 ms[39m
[35m[39m
2023-07-02 00:08:24:824 [35mhttp[39m: [35mPOST /passwordReset 404 153 - 0.430 ms[39m
[35m[39m
2023-07-02 00:08:34:834 [35mhttp[39m: [35mPOST /auth/passwordReset 200 45 - 200.430 ms[39m
[35m[39m
2023-07-02 00:08:36:836 [32minfo[39m: [32m{[39m
[32m  accepted: [ 'be4oy.hani@gmail.com' ],[39m
[32m  rejected: [],[39m
[32m  ehlo: [[39m
[32m    'SIZE 157286400',[39m
[32m    'PIPELINING',[39m
[32m    'DSN',[39m
[32m    'ENHANCEDSTATUSCODES',[39m
[32m    'AUTH LOGIN XOAUTH2',[39m
[32m    '8BITMIME',[39m
[32m    'BINARYMIME',[39m
[32m    'CHUNKING',[39m
[32m    'SMTPUTF8'[39m
[32m  ],[39m
[32m  envelopeTime: 300,[39m
[32m  messageTime: 325,[39m
[32m  messageSize: 344,[39m
[32m  response: '250 2.0.0 OK <48c97eb6-8617-93cf-ee75-ffd309404584@eng.asu.edu.eg> [Hostname=AM0PR01MB3810.eurprd01.prod.exchangelabs.com]',[39m
[32m  envelope: { from: 'e07885@eng.asu.edu.eg', to: [ 'be4oy.hani@gmail.com' ] },[39m
[32m  messageId: '<48c97eb6-8617-93cf-ee75-ffd309404584@eng.asu.edu.eg>'[39m
[32m}[39m
2023-07-02 00:08:45:845 [31merror[39m: [31mInvalid or expired password reset token[39m
2023-07-02 00:08:45:845 [31merror[39m: [31mCannot read properties of null (reading 'email')[39m
2023-07-02 00:08:48:848 [35mhttp[39m: [35mPOST /auth/passwordReset - - - - ms[39m
[35m[39m
2023-07-02 13:10:52:1052 [31merror[39m: [31m"First Name" length must be at least 3 characters long[39m
2023-07-02 13:10:52:1052 [35mhttp[39m: [35mPOST /auth/signup 500 218 - 28.417 ms[39m
[35m[39m
2023-07-02 13:11:28:1128 [31merror[39m: [31m"First Name" length must be at least 3 characters long[39m
2023-07-02 13:11:28:1128 [35mhttp[39m: [35mPOST /auth/signup 500 218 - 2.974 ms[39m
[35m[39m
2023-07-02 13:12:00:120 [31merror[39m: [31m"First Name" length must be at least 3 characters long[39m
2023-07-02 13:12:00:120 [35mhttp[39m: [35mPOST /auth/signup 500 218 - 3.343 ms[39m
[35m[39m
2023-07-02 13:12:02:122 [31merror[39m: [31m"First Name" length must be at least 3 characters long[39m
2023-07-02 13:12:02:122 [35mhttp[39m: [35mPOST /auth/signup 500 218 - 2.408 ms[39m
[35m[39m
2023-07-02 13:12:37:1237 [31merror[39m: [31m"First Name" length must be at least 3 characters long[39m
2023-07-02 13:12:37:1237 [35mhttp[39m: [35mPOST /auth/signup 500 218 - 3.412 ms[39m
[35m[39m
2023-07-02 13:15:22:1522 [31merror[39m: [31m"First Name" length must be at least 3 characters long[39m
2023-07-02 13:15:22:1522 [35mhttp[39m: [35mPOST /auth/signup 500 1513 - 18.665 ms[39m
[35m[39m
2023-07-02 13:17:59:1759 [31merror[39m: [31m"First Name" length must be at least 3 characters long[39m
2023-07-02 13:17:59:1759 [35mhttp[39m: [35mPOST /auth/signup 500 1513 - 20.095 ms[39m
[35m[39m
2023-07-02 13:19:25:1925 [31merror[39m: [31m"First Name" length must be at least 3 characters long[39m
2023-07-02 13:19:25:1925 [35mhttp[39m: [35mPOST /auth/signup 200 121 - 9.308 ms[39m
[35m[39m
2023-07-02 13:20:17:2017 [31merror[39m: [31m"First Name" length must be at least 3 characters long[39m
2023-07-02 13:20:17:2017 [35mhttp[39m: [35mPOST /auth/signup 200 121 - 3.493 ms[39m
[35m[39m
2023-07-02 13:22:21:2221 [31merror[39m: [31m"First Name" length must be at least 3 characters long[39m
2023-07-02 13:22:21:2221 [35mhttp[39m: [35mPOST /auth/signup 200 121 - 13.766 ms[39m
[35m[39m
2023-07-02 13:23:00:230 [31merror[39m: [31m"First Name" length must be at least 3 characters long[39m
2023-07-02 13:23:00:230 [35mhttp[39m: [35mPOST /auth/signup 200 421 - 10.424 ms[39m
[35m[39m
2023-07-02 13:24:05:245 [31merror[39m: [31m"First Name" length must be at least 3 characters long[39m
2023-07-02 13:24:05:245 [35mhttp[39m: [35mPOST /auth/signup 200 121 - 10.332 ms[39m
[35m[39m
2023-07-02 13:24:17:2417 [31merror[39m: [31m"First Name" length must be at least 3 characters long[39m
2023-07-02 13:24:17:2417 [35mhttp[39m: [35mPOST /auth/signup 200 121 - 2.854 ms[39m
[35m[39m
2023-07-02 13:24:40:2440 [31merror[39m: [31m"First Name" length must be at least 3 characters long[39m
2023-07-02 13:24:40:2440 [35mhttp[39m: [35mPOST /auth/signup 200 121 - 2.045 ms[39m
[35m[39m
2023-07-02 13:25:18:2518 [31merror[39m: [31m"First Name" length must be at least 3 characters long[39m
2023-07-02 13:25:18:2518 [35mhttp[39m: [35mPOST /auth/signup 200 121 - 2.043 ms[39m
[35m[39m
2023-07-02 13:25:28:2528 [31merror[39m: [31m"First Name" length must be at least 3 characters long[39m
2023-07-02 13:25:28:2528 [35mhttp[39m: [35mPOST /auth/signup 200 121 - 3.159 ms[39m
[35m[39m
2023-07-02 13:26:20:2620 [31merror[39m: [31m"First Name" length must be at least 3 characters long[39m
2023-07-02 13:26:20:2620 [35mhttp[39m: [35mPOST /auth/signup 400 121 - 9.901 ms[39m
[35m[39m
2023-07-02 13:26:45:2645 [31merror[39m: [31m"First Name" length must be at least 3 characters long[39m
2023-07-02 13:26:45:2645 [35mhttp[39m: [35mPOST /auth/signup 400 121 - 3.638 ms[39m
[35m[39m
2023-07-02 13:27:09:279 [31merror[39m: [31m"First Name" length must be at least 3 characters long[39m
2023-07-02 13:27:09:279 [35mhttp[39m: [35mPOST /auth/signup 400 121 - 3.277 ms[39m
[35m[39m
2023-07-02 15:05:47:547 [31merror[39m: [31m"Email" must be a valid email[39m
2023-07-02 15:05:47:547 [35mhttp[39m: [35mPOST /auth/signup 400 96 - 16.460 ms[39m
[35m[39m
2023-07-02 15:06:41:641 [31merror[39m: [31m"Email" must be a valid email[39m
2023-07-02 15:06:41:641 [35mhttp[39m: [35mPOST /auth/signup 400 96 - 3.314 ms[39m
[35m[39m
2023-07-02 15:07:31:731 [31merror[39m: [31m"Email" must be a valid email[39m
2023-07-02 15:07:31:731 [35mhttp[39m: [35mPOST /auth/signup 400 96 - 1.967 ms[39m
[35m[39m
2023-07-02 15:12:18:1218 [31merror[39m: [31m"Email" must be a valid email[39m
2023-07-02 15:12:18:1218 [35mhttp[39m: [35mPOST /auth/signup 400 96 - 2.315 ms[39m
[35m[39m
2023-07-02 15:12:53:1253 [31merror[39m: [31m"Email" must be a valid email[39m
2023-07-02 15:12:53:1253 [35mhttp[39m: [35mPOST /auth/signup 400 96 - 1.640 ms[39m
[35m[39m
2023-07-02 15:13:28:1328 [31merror[39m: [31m"Email" must be a valid email[39m
2023-07-02 15:13:28:1328 [35mhttp[39m: [35mPOST /auth/signup 400 96 - 2.108 ms[39m
[35m[39m
2023-07-02 15:13:45:1345 [31merror[39m: [31m"Email" must be a valid email[39m
2023-07-02 15:13:45:1345 [35mhttp[39m: [35mPOST /auth/signup 400 96 - 2.618 ms[39m
[35m[39m
2023-07-02 15:14:03:143 [31merror[39m: [31m"Email" must be a valid email[39m
2023-07-02 15:14:03:143 [35mhttp[39m: [35mPOST /auth/signup 400 96 - 2.683 ms[39m
[35m[39m
2023-07-02 15:14:06:146 [31merror[39m: [31m"Email" must be a valid email[39m
2023-07-02 15:14:06:146 [35mhttp[39m: [35mPOST /auth/signup 400 96 - 1.983 ms[39m
[35m[39m
2023-07-02 15:14:42:1442 [31merror[39m: [31m"Email" must be a valid email[39m
2023-07-02 15:14:42:1442 [35mhttp[39m: [35mPOST /auth/signup 400 96 - 2.596 ms[39m
[35m[39m
2023-07-02 15:14:47:1447 [31merror[39m: [31m"Email" must be a valid email[39m
2023-07-02 15:14:47:1447 [35mhttp[39m: [35mPOST /auth/signup 400 96 - 2.602 ms[39m
[35m[39m
2023-07-02 15:15:01:151 [31merror[39m: [31m"Email" must be a valid email[39m
2023-07-02 15:15:01:151 [35mhttp[39m: [35mPOST /auth/signup 400 96 - 1.825 ms[39m
[35m[39m
2023-07-02 15:15:02:152 [31merror[39m: [31m"Email" must be a valid email[39m
2023-07-02 15:15:02:152 [35mhttp[39m: [35mPOST /auth/signup 400 96 - 2.227 ms[39m
[35m[39m
2023-07-02 15:15:34:1534 [31merror[39m: [31m"Email" must be a valid email[39m
2023-07-02 15:15:34:1534 [35mhttp[39m: [35mPOST /auth/signup 400 96 - 6.058 ms[39m
[35m[39m
2023-07-02 15:16:18:1618 [31merror[39m: [31m"Email" must be a valid email[39m
2023-07-02 15:16:18:1618 [35mhttp[39m: [35mPOST /auth/signup 400 96 - 1.951 ms[39m
[35m[39m
2023-07-02 15:16:19:1619 [31merror[39m: [31m"Email" must be a valid email[39m
2023-07-02 15:16:19:1619 [35mhttp[39m: [35mPOST /auth/signup 400 96 - 1.674 ms[39m
[35m[39m
2023-07-02 15:16:31:1631 [31merror[39m: [31m"Email" must be a valid email[39m
2023-07-02 15:16:31:1631 [35mhttp[39m: [35mPOST /auth/signup 400 96 - 1.641 ms[39m
[35m[39m
2023-07-02 15:20:48:2048 error: "Email" must be a valid email
2023-07-02 15:20:48:2048 http: POST /auth/signup 400 76 - 11.874 ms

2023-07-02 15:20:48:2048 error: "Email" must be a valid email
2023-07-02 15:20:48:2048 http: POST /auth/signup 400 76 - 2.519 ms

2023-07-02 15:21:55:2155 [31merror[39m: [31m"Email" must be a valid email[39m
2023-07-02 15:21:55:2155 [35mhttp[39m: [35mPOST /auth/signup 400 96 - 10.354 ms[39m
[35m[39m
2023-07-02 15:22:33:2233 error: "Email" must be a valid email
2023-07-02 15:22:33:2233 http: POST /auth/signup 400 76 - 13.135 ms

2023-07-02 15:22:52:2252 error: Password must be strong. At least one upper case alphabet. At least one lower case alphabet. At least one digit. At least one special character. Minimum eight in length
2023-07-02 15:22:52:2252 http: POST /auth/signup 400 213 - 4.220 ms

2023-07-02 15:23:30:2330 error: Password must be strong. At least one upper case alphabet. At least one lower case alphabet. At least one digit. At least one special character. Minimum eight in length
2023-07-02 15:23:30:2330 http: POST /auth/signup 400 213 - 2.712 ms

2023-07-02 15:23:37:2337 error: Password must be strong. At least one upper case alphabet. At least one lower case alphabet. At least one digit. At least one special character. Minimum eight in length
2023-07-02 15:23:37:2337 http: POST /auth/signup 400 213 - 2.678 ms

2023-07-02 15:24:11:2411 error: Password must be strong. At least one upper case alphabet. At least one lower case alphabet. At least one digit. At least one special character. Minimum eight in length
2023-07-02 15:24:11:2411 http: POST /auth/signup 400 213 - 4.242 ms

2023-07-02 15:26:11:2611 error: "re_password" is not allowed
2023-07-02 15:26:11:2611 http: POST /auth/signup 400 75 - 9.847 ms

2023-07-02 15:29:06:296 error: user validation failed: first_name: Path `first_name` is required., last_name: Path `last_name` is required.
2023-07-02 15:29:06:296 http: POST /auth/signup 500 159 - 22.645 ms

2023-07-02 15:29:31:2931 error: user validation failed: first_name: Path `first_name` is required., last_name: Path `last_name` is required.
2023-07-02 15:29:31:2931 http: POST /auth/signup 500 159 - 5.284 ms

2023-07-02 15:30:16:3016 error: user validation failed: first_name: Path `first_name` is required., last_name: Path `last_name` is required.
2023-07-02 15:30:16:3016 http: POST /auth/signup 500 159 - 5.626 ms

2023-07-02 15:32:13:3213 http: POST /auth/signup 200 236 - 109.446 ms

2023-07-02 16:11:48:1148 http: POST /auth/login 200 448 - 99.987 ms

2023-07-02 16:12:22:1222 error: Password must be strong. At least one upper case alphabet. At least one lower case alphabet. At least one digit. At least one special character. Minimum eight in length
2023-07-02 16:12:22:1222 http: POST /auth/login 400 213 - 4.266 ms

2023-07-02 16:13:54:1354 http: POST /auth/login 400 57 - 94.428 ms

2023-07-02 16:45:33:4533 error: User does not exist
2023-07-02 16:45:33:4533 http: POST /auth/requestPasswordReset 200 54 - 29.103 ms

2023-07-02 16:48:37:4837 error: User does not exist
2023-07-02 16:48:37:4837 error: User does not exist
2023-07-02 16:49:33:4933 error: User does not exist
2023-07-02 16:49:33:4933 error: User does not exist
2023-07-02 16:50:09:509 error: User does not exist
2023-07-02 16:50:09:509 error: User does not exist
2023-07-02 16:50:09:509 http: POST /auth/requestPasswordReset 400 64 - 23.069 ms

2023-07-02 16:55:58:5558 error: User does not exist
2023-07-02 16:55:58:5558 error: User does not exist
2023-07-02 16:55:58:5558 http: POST /auth/requestPasswordReset 400 64 - 8.981 ms

2023-07-02 16:56:03:563 error: User does not exist
2023-07-02 16:56:03:563 error: User does not exist
2023-07-02 16:56:03:563 http: POST /auth/requestPasswordReset 400 64 - 5.575 ms

2023-07-02 16:56:06:566 error: User does not exist
2023-07-02 16:56:06:566 error: User does not exist
2023-07-02 16:56:06:566 http: POST /auth/requestPasswordReset 400 64 - 6.699 ms

2023-07-02 16:56:25:5625 error: User does not exist
2023-07-02 16:56:25:5625 error: User does not exist
2023-07-02 16:56:25:5625 http: POST /auth/requestPasswordReset 400 64 - 6.012 ms

2023-07-02 16:57:23:5723 http: POST /auth/requestPasswordReset 200 54 - 127.508 ms

2023-07-02 16:57:26:5726 info: [object Object]
2023-07-02 16:57:51:5751 http: GET /passwordReset?token=451ea425a3a62fd61fb9236705dc268a4074476b10e8672bfb292ae8a4bd756b&id=649dd06e501952654706e7e7 404 152 - 3.244 ms

2023-07-02 17:12:02:122 http: POST /auth/requestPasswordReset 200 54 - 128.627 ms

2023-07-02 17:12:04:124 info: [object Object]
2023-07-02 17:13:15:1315 error: Invalid or expired password reset token
2023-07-02 17:13:15:1315 error: Cannot read properties of null (reading 'email')
2023-07-02 17:14:49:1449 error: Invalid or expired password reset token
2023-07-02 17:14:49:1449 error: Invalid or expired password reset token
2023-07-02 17:14:52:1452 error: Invalid or expired password reset token
2023-07-02 17:14:52:1452 error: Invalid or expired password reset token
2023-07-02 17:15:14:1514 error: Invalid or expired password reset token
2023-07-02 17:15:14:1514 error: Invalid or expired password reset token
2023-07-02 17:15:14:1514 http: POST /auth/passwordReset 400 84 - 39.546 ms

2023-07-02 17:17:12:1712 http: POST /auth/requestPasswordReset 200 54 - 125.682 ms

2023-07-02 17:17:14:1714 info: [object Object]
2023-07-02 17:17:37:1737 error: Invalid or expired password reset token
2023-07-02 17:17:37:1737 error: Invalid or expired password reset token
2023-07-02 17:17:37:1737 http: POST /auth/passwordReset 400 84 - 8.226 ms

2023-07-02 17:18:31:1831 error: Invalid or expired password reset token
2023-07-02 17:18:31:1831 error: Invalid or expired password reset token
2023-07-02 17:18:31:1831 http: POST /auth/passwordReset 400 84 - 10.243 ms

2023-07-02 17:18:35:1835 error: Invalid or expired password reset token
2023-07-02 17:18:35:1835 error: Invalid or expired password reset token
2023-07-02 17:18:35:1835 http: POST /auth/passwordReset 400 84 - 7.238 ms

2023-07-02 17:19:05:195 error: Invalid or expired password reset token
2023-07-02 17:19:05:195 error: Invalid or expired password reset token
2023-07-02 17:19:05:195 http: POST /auth/passwordReset 400 84 - 42.401 ms

2023-07-02 17:25:40:2540 http: POST /auth/passwordReset 200 45 - 197.570 ms

2023-07-02 17:25:42:2542 info: [object Object]
2023-07-02 17:26:31:2631 http: POST /auth/login 200 448 - 95.933 ms

2023-07-03 00:08:06:86 http: POST /auth/requestPasswordReset 200 54 - 196.059 ms

2023-07-03 00:08:08:88 info: [object Object]
2023-07-03 00:08:51:851 http: POST /auth/passwordReset 200 45 - 272.456 ms

2023-07-03 00:08:53:853 info: [object Object]
2023-07-03 00:12:07:127 http: POST /auth/requestPasswordReset 200 54 - 108.771 ms

2023-07-03 00:12:10:1210 info: [object Object]
2023-07-03 00:12:29:1229 http: POST /auth/passwordReset 200 45 - 165.996 ms

2023-07-03 00:12:31:1231 info: [object Object]
2023-07-03 00:14:37:1437 http: POST /auth/requestPasswordReset 200 54 - 114.412 ms

2023-07-03 00:14:39:1439 info: [object Object]
2023-07-03 00:14:59:1459 http: POST /auth/passwordReset 200 45 - 166.919 ms

2023-07-03 00:15:01:151 info: [object Object]
2023-07-03 00:16:26:1626 error: Password must be strong. At least one upper case alphabet. At least one lower case alphabet. At least one digit. At least one special character. Minimum eight in length
2023-07-03 00:16:26:1626 http: POST /auth/passwordReset 400 213 - 10.168 ms

2023-07-03 00:16:43:1643 error: "token" is not allowed
2023-07-03 00:16:43:1643 http: POST /auth/passwordReset 400 69 - 4.815 ms

2023-07-03 09:37:06:376 error: User does not exist
2023-07-03 09:37:06:376 error: User does not exist
2023-07-03 09:37:06:376 http: POST /auth/requestPasswordReset 400 64 - 17.722 ms

2023-07-03 09:37:10:3710 http: POST /auth/requestPasswordReset 200 54 - 258.060 ms

2023-07-03 09:37:13:3713 info: [object Object]
2023-07-03 09:37:34:3734 error: Password must be strong. At least one upper case alphabet. At least one lower case alphabet. At least one digit. At least one special character. Minimum eight in length
2023-07-03 09:37:34:3734 http: POST /auth/passwordReset 400 213 - 3.037 ms

2023-07-03 09:37:55:3755 error: "token" is not allowed
2023-07-03 09:37:55:3755 http: POST /auth/passwordReset 400 69 - 3.688 ms

2023-07-03 09:38:59:3859 error: "token" is not allowed
2023-07-03 09:38:59:3859 http: POST /auth/passwordReset 400 69 - 4.513 ms

2023-07-03 09:41:33:4133 error: Password must be strong. At least one upper case alphabet. At least one lower case alphabet. At least one digit. At least one special character. Minimum eight in length
2023-07-03 09:41:33:4133 http: POST /auth/passwordReset 400 213 - 1.981 ms

2023-07-03 09:41:52:4152 error: "token" is not allowed
2023-07-03 09:41:52:4152 http: POST /auth/passwordReset 400 69 - 2.435 ms

2023-07-03 09:47:25:4725 error: "token" is not allowed
2023-07-03 09:47:25:4725 http: POST /auth/passwordReset 400 69 - 20.576 ms

2023-07-03 09:49:20:4920 http: POST /auth/passwordReset 200 45 - 191.452 ms

2023-07-03 09:49:22:4922 info: [object Object]
2023-07-03 11:08:49:849 error: "Email" must be a valid email
2023-07-03 11:08:49:849 http: POST /auth/login 400 76 - 9.982 ms

2023-07-03 11:09:07:97 error: "Email" must be a valid email
2023-07-03 11:09:07:97 http: POST /auth/login 400 76 - 3.001 ms

2023-07-03 11:09:38:938 http: POST /auth/login 400 57 - 11.375 ms

2023-07-03 11:10:41:1041 http: POST /auth/signup 200 221 - 99.645 ms

2023-07-03 11:15:09:159 error: E11000 duplicate key error collection: Fixed-authDB.users index: email_1 dup key: { email: "{$gte:""}" }
2023-07-03 11:15:09:159 http: POST /auth/signup 500 159 - 105.339 ms

2023-07-03 11:15:09:159 error: E11000 duplicate key error collection: Fixed-authDB.users index: email_1 dup key: { email: "{$gte:""}" }
2023-07-03 11:15:09:159 http: POST /auth/signup 500 159 - 116.163 ms

2023-07-03 11:15:09:159 error: E11000 duplicate key error collection: Fixed-authDB.users index: email_1 dup key: { email: "{$gte:""}" }
2023-07-03 11:15:09:159 http: POST /auth/signup 500 159 - 120.904 ms

2023-07-03 11:15:09:159 error: E11000 duplicate key error collection: Fixed-authDB.users index: email_1 dup key: { email: "{$gte:""}" }
2023-07-03 11:15:09:159 http: POST /auth/signup 500 159 - 127.532 ms

2023-07-03 11:15:09:159 error: E11000 duplicate key error collection: Fixed-authDB.users index: email_1 dup key: { email: "{$gte:""}" }
2023-07-03 11:15:09:159 http: POST /auth/signup 500 159 - 202.896 ms

2023-07-03 11:15:09:159 error: E11000 duplicate key error collection: Fixed-authDB.users index: email_1 dup key: { email: "{$gte:""}" }
2023-07-03 11:15:09:159 http: POST /auth/signup 500 159 - 195.197 ms

2023-07-03 11:15:09:159 error: E11000 duplicate key error collection: Fixed-authDB.users index: email_1 dup key: { email: "{$gte:""}" }
2023-07-03 11:15:09:159 http: POST /auth/signup 500 159 - 102.551 ms

2023-07-03 11:15:09:159 error: E11000 duplicate key error collection: Fixed-authDB.users index: email_1 dup key: { email: "{$gte:""}" }
2023-07-03 11:15:09:159 http: POST /auth/signup 500 159 - 116.063 ms

2023-07-03 11:15:09:159 error: E11000 duplicate key error collection: Fixed-authDB.users index: email_1 dup key: { email: "{$gte:""}" }
2023-07-03 11:15:09:159 http: POST /auth/signup 500 159 - 145.811 ms

2023-07-03 11:15:09:159 error: E11000 duplicate key error collection: Fixed-authDB.users index: email_1 dup key: { email: "{$gte:""}" }
2023-07-03 11:15:09:159 http: POST /auth/signup 500 159 - 152.016 ms

2023-07-03 11:15:09:159 error: E11000 duplicate key error collection: Fixed-authDB.users index: email_1 dup key: { email: "{$gte:""}" }
2023-07-03 11:15:09:159 http: POST /auth/signup 500 159 - 133.737 ms

2023-07-03 11:15:09:159 error: E11000 duplicate key error collection: Fixed-authDB.users index: email_1 dup key: { email: "{$gte:""}" }
2023-07-03 11:15:09:159 http: POST /auth/signup 500 159 - 157.237 ms

2023-07-03 11:15:09:159 error: E11000 duplicate key error collection: Fixed-authDB.users index: email_1 dup key: { email: "{$gte:""}" }
2023-07-03 11:15:09:159 http: POST /auth/signup 500 159 - 134.074 ms

2023-07-03 11:15:09:159 error: E11000 duplicate key error collection: Fixed-authDB.users index: email_1 dup key: { email: "{$gte:""}" }
2023-07-03 11:15:09:159 http: POST /auth/signup 500 159 - 133.296 ms

2023-07-03 11:15:09:159 error: E11000 duplicate key error collection: Fixed-authDB.users index: email_1 dup key: { email: "{$gte:""}" }
2023-07-03 11:15:09:159 http: POST /auth/signup 500 159 - 140.038 ms

2023-07-03 11:15:09:159 error: E11000 duplicate key error collection: Fixed-authDB.users index: email_1 dup key: { email: "{$gte:""}" }
2023-07-03 11:15:09:159 http: POST /auth/signup 500 159 - 135.508 ms

2023-07-03 11:15:09:159 error: E11000 duplicate key error collection: Fixed-authDB.users index: email_1 dup key: { email: "{$gte:""}" }
2023-07-03 11:15:09:159 http: POST /auth/signup 500 159 - 180.671 ms

2023-07-03 11:16:30:1630 http: POST /auth/signup 200 222 - 94.169 ms

2023-07-03 11:16:30:1630 error: E11000 duplicate key error collection: Fixed-authDB.users index: email_1 dup key: { email: "{$gte:""}" }
2023-07-03 11:16:30:1630 http: POST /auth/signup 500 159 - 120.380 ms

2023-07-03 11:16:30:1630 error: E11000 duplicate key error collection: Fixed-authDB.users index: email_1 dup key: { email: "{$gte:""}" }
2023-07-03 11:16:30:1630 http: POST /auth/signup 500 159 - 138.234 ms

2023-07-03 11:16:30:1630 error: E11000 duplicate key error collection: Fixed-authDB.users index: email_1 dup key: { email: "{$gte:""}" }
2023-07-03 11:16:30:1630 http: POST /auth/signup 500 159 - 152.363 ms

2023-07-03 11:16:30:1630 error: E11000 duplicate key error collection: Fixed-authDB.users index: email_1 dup key: { email: "{$gte:""}" }
2023-07-03 11:16:30:1630 http: POST /auth/signup 500 159 - 177.348 ms

2023-07-03 11:16:30:1630 error: E11000 duplicate key error collection: Fixed-authDB.users index: email_1 dup key: { email: "{$gte:""}" }
2023-07-03 11:16:30:1630 http: POST /auth/signup 500 159 - 188.298 ms

2023-07-03 11:56:37:5637 http: POST /auth/signup 200 227 - 81.975 ms

2023-07-03 11:56:51:5651 http: POST /auth/requestPasswordReset 200 54 - 105.720 ms

2023-07-03 11:56:53:5653 info: [object Object]
2023-07-03 11:57:32:5732 http: POST /auth/passwordReset 200 45 - 171.579 ms

2023-07-03 11:57:35:5735 info: [object Object]
2023-07-03 11:57:51:5751 http: POST /auth/login 200 448 - 96.130 ms

2023-07-03 12:44:38:4438 http: POST /auth/login 200 448 - 85.688 ms

2023-07-03 15:56:30:5630 error: error: TypeError: Cannot read properties of undefined (reading 'catch')
2023-07-03 15:56:30:5630 http: POST /auth/login 500 1595 - 15.585 ms

2023-07-03 15:59:13:5913 error: error: TypeError: Cannot read properties of undefined (reading 'catch')
2023-07-03 15:59:13:5913 http: POST /auth/login 500 1595 - 13.324 ms

2023-07-03 15:59:35:5935 error: error: Error: User not found
2023-07-03 15:59:35:5935 http: POST /auth/login 500 668 - 19.510 ms

2023-07-03 16:03:40:340 error: error: TypeError: Cannot read properties of undefined (reading 'catch')
2023-07-03 16:03:40:340 http: POST /auth/login 500 1595 - 14.137 ms

2023-07-03 16:05:04:54 error: error: Error: User not found
2023-07-03 16:05:04:54 http: POST /auth/login 500 668 - 20.316 ms

2023-07-03 16:06:10:610 http: POST /auth/login 200 16 - 13.569 ms

2023-07-03 16:06:25:625 http: POST /auth/login 200 16 - 4.620 ms

2023-07-03 16:07:28:728 error: error: Error: User not found
2023-07-03 16:07:28:728 http: POST /auth/login 500 668 - 18.391 ms

2023-07-03 16:10:57:1057 error: error: TypeError: Cannot read properties of undefined (reading 'catch')
2023-07-03 16:10:57:1057 http: POST /auth/login 500 1595 - 17.035 ms

2023-07-03 16:12:15:1215 http: POST /auth/login 400 57 - 13.074 ms

2023-07-03 16:13:13:1313 http: POST /auth/login 400 57 - 16.942 ms

2023-07-05 17:23:23:2323 error: "Email" must be a valid email
2023-07-05 17:23:23:2323 error: error: ValidationError: "Email" must be a valid email
2023-07-05 17:23:23:2323 http: POST /auth/login 500 429 - 6.565 ms

2023-07-05 17:24:09:249 http: POST /auth/login 404 150 - 1.664 ms

2023-07-05 17:24:28:2428 http: POST /auth/login 302 0 - 1.440 ms

2023-07-05 23:44:55:4455 http: GET /auth/github 404 150 - 2.774 ms

2023-07-05 23:45:35:4535 error: error: Error: Unknown authentication strategy "github"
2023-07-05 23:45:35:4535 http: GET /auth/github 500 1783 - 5.649 ms

2023-07-05 23:45:35:4535 http: GET /favicon.ico 404 150 - 1.852 ms

2023-07-05 23:45:43:4543 error: error: Error: Unknown authentication strategy "github"
2023-07-05 23:45:43:4543 http: GET /auth/github 500 1783 - 2.412 ms

2023-07-05 23:47:41:4741 http: GET /auth/github 302 0 - 2.038 ms

2023-07-06 00:22:56:2256 http: GET /auth/github 302 0 - 2.475 ms

2023-07-06 00:23:00:230 http: GET /auth/github/callback?code=698039350e880c0d4a98 404 159 - 2.888 ms

2023-07-06 00:26:19:2619 http: GET /auth/github/callback?code=698039350e880c0d4a98 404 159 - 3.462 ms

2023-07-06 00:26:20:2620 http: GET /auth/github/callback?code=698039350e880c0d4a98 404 159 - 1.365 ms

2023-07-06 00:26:45:2645 http: GET /auth/github/callback?code=698039350e880c0d4a98 404 159 - 4.930 ms

2023-07-06 00:26:46:2646 http: GET /auth/github/callback?code=698039350e880c0d4a98 404 159 - 2.533 ms

2023-07-06 00:26:47:2647 http: GET /auth/github/callback?code=698039350e880c0d4a98 404 159 - 1.117 ms

2023-07-06 00:26:56:2656 http: GET /auth/github/callback?code=698039350e880c0d4a98 404 159 - 1.067 ms

2023-07-06 00:27:37:2737 http: GET /auth/github/callback?code=698039350e880c0d4a98 404 159 - 0.850 ms

2023-07-06 00:29:15:2915 error: error: Error: getaddrinfo EAI_AGAIN github.com
2023-07-06 00:29:15:2915 http: GET /auth/github/callback?code=698039350e880c0d4a98 500 1275 - 10066.508 ms

2023-07-06 10:32:39:3239 http: GET /auth/github 302 0 - 4.744 ms

2023-07-06 10:32:43:3243 error: error: ValidationError: password: Path `password` is required., last_name: Path `last_name` is required., first_name: Path `first_name` is required., email: Path `email` is required.
2023-07-06 10:32:43:3243 http: GET /auth/github/callback?code=f1e36eb16ce2dfe75e12 500 2089 - 1251.221 ms

2023-07-06 10:32:43:3243 http: GET /favicon.ico 404 150 - 1.431 ms

2023-07-06 10:35:21:3521 error: error: Error: Failed to obtain access token
2023-07-06 10:35:21:3521 http: GET /auth/github/callback?code=f1e36eb16ce2dfe75e12 500 991 - 457.709 ms

2023-07-06 10:35:59:3559 error: error: Error: Failed to obtain access token
2023-07-06 10:35:59:3559 http: GET /auth/github/callback?code=f1e36eb16ce2dfe75e12 500 991 - 509.995 ms

2023-07-06 10:36:31:3631 error: error: Error: Failed to obtain access token
2023-07-06 10:36:31:3631 http: GET /auth/github/callback?code=f1e36eb16ce2dfe75e12 500 991 - 454.976 ms

2023-07-06 10:37:42:3742 error: error: Error: Login sessions require session support. Did you forget to use `express-session` middleware?
2023-07-06 10:37:42:3742 http: GET /auth/github/callback?code=5e00dd29375fdfc23f44 500 1577 - 1119.588 ms

2023-07-06 10:39:18:3918 error: error: Error: Login sessions require session support. Did you forget to use `express-session` middleware?
2023-07-06 10:40:54:4054 error: error: Error: Login sessions require session support. Did you forget to use `express-session` middleware?
2023-07-06 10:40:59:4059 error: error: Error: Login sessions require session support. Did you forget to use `express-session` middleware?
2023-07-06 10:41:04:414 error: error: Error: Login sessions require session support. Did you forget to use `express-session` middleware?
2023-07-06 10:41:44:4144 error: error: Error: Login sessions require session support. Did you forget to use `express-session` middleware?
2023-07-06 10:44:29:4429 error: error: Error: Login sessions require session support. Did you forget to use `express-session` middleware?
2023-07-06 10:45:55:4555 error: error: Error: Login sessions require session support. Did you forget to use `express-session` middleware? 
error stack: Error: Login sessions require session support. Did you forget to use `express-session` middleware?
    at SessionStrategy.authenticate (/media/beshoy/896fcdf4-a24a-47c6-83ba-50bdaa65e6d5/work/Auth Task/Auth-LogingModule API/node_modules/passport/lib/strategies/session.js:46:41)
    at attempt (/media/beshoy/896fcdf4-a24a-47c6-83ba-50bdaa65e6d5/work/Auth Task/Auth-LogingModule API/node_modules/passport/lib/middleware/authenticate.js:369:16)
    at authenticate (/media/beshoy/896fcdf4-a24a-47c6-83ba-50bdaa65e6d5/work/Auth Task/Auth-LogingModule API/node_modules/passport/lib/middleware/authenticate.js:370:7)
    at Layer.handle [as handle_request] (/media/beshoy/896fcdf4-a24a-47c6-83ba-50bdaa65e6d5/work/Auth Task/Auth-LogingModule API/node_modules/express/lib/router/layer.js:95:5)
    at trim_prefix (/media/beshoy/896fcdf4-a24a-47c6-83ba-50bdaa65e6d5/work/Auth Task/Auth-LogingModule API/node_modules/express/lib/router/index.js:328:13)
    at /media/beshoy/896fcdf4-a24a-47c6-83ba-50bdaa65e6d5/work/Auth Task/Auth-LogingModule API/node_modules/express/lib/router/index.js:286:9
    at Function.process_params (/media/beshoy/896fcdf4-a24a-47c6-83ba-50bdaa65e6d5/work/Auth Task/Auth-LogingModule API/node_modules/express/lib/router/index.js:346:12)
    at next (/media/beshoy/896fcdf4-a24a-47c6-83ba-50bdaa65e6d5/work/Auth Task/Auth-LogingModule API/node_modules/express/lib/router/index.js:280:10)
    at compression (/media/beshoy/896fcdf4-a24a-47c6-83ba-50bdaa65e6d5/work/Auth Task/Auth-LogingModule API/node_modules/compression/index.js:220:5)
    at Layer.handle [as handle_request] (/media/beshoy/896fcdf4-a24a-47c6-83ba-50bdaa65e6d5/work/Auth Task/Auth-LogingModule API/node_modules/express/lib/router/layer.js:95:5)
2023-07-06 10:45:56:4556 error: error: Error: Login sessions require session support. Did you forget to use `express-session` middleware? 
error stack: Error: Login sessions require session support. Did you forget to use `express-session` middleware?
    at SessionStrategy.authenticate (/media/beshoy/896fcdf4-a24a-47c6-83ba-50bdaa65e6d5/work/Auth Task/Auth-LogingModule API/node_modules/passport/lib/strategies/session.js:46:41)
    at attempt (/media/beshoy/896fcdf4-a24a-47c6-83ba-50bdaa65e6d5/work/Auth Task/Auth-LogingModule API/node_modules/passport/lib/middleware/authenticate.js:369:16)
    at authenticate (/media/beshoy/896fcdf4-a24a-47c6-83ba-50bdaa65e6d5/work/Auth Task/Auth-LogingModule API/node_modules/passport/lib/middleware/authenticate.js:370:7)
    at Layer.handle [as handle_request] (/media/beshoy/896fcdf4-a24a-47c6-83ba-50bdaa65e6d5/work/Auth Task/Auth-LogingModule API/node_modules/express/lib/router/layer.js:95:5)
    at trim_prefix (/media/beshoy/896fcdf4-a24a-47c6-83ba-50bdaa65e6d5/work/Auth Task/Auth-LogingModule API/node_modules/express/lib/router/index.js:328:13)
    at /media/beshoy/896fcdf4-a24a-47c6-83ba-50bdaa65e6d5/work/Auth Task/Auth-LogingModule API/node_modules/express/lib/router/index.js:286:9
    at Function.process_params (/media/beshoy/896fcdf4-a24a-47c6-83ba-50bdaa65e6d5/work/Auth Task/Auth-LogingModule API/node_modules/express/lib/router/index.js:346:12)
    at next (/media/beshoy/896fcdf4-a24a-47c6-83ba-50bdaa65e6d5/work/Auth Task/Auth-LogingModule API/node_modules/express/lib/router/index.js:280:10)
    at compression (/media/beshoy/896fcdf4-a24a-47c6-83ba-50bdaa65e6d5/work/Auth Task/Auth-LogingModule API/node_modules/compression/index.js:220:5)
    at Layer.handle [as handle_request] (/media/beshoy/896fcdf4-a24a-47c6-83ba-50bdaa65e6d5/work/Auth Task/Auth-LogingModule API/node_modules/express/lib/router/layer.js:95:5)
2023-07-06 10:45:56:4556 error: error: Error: Login sessions require session support. Did you forget to use `express-session` middleware? 
error stack: Error: Login sessions require session support. Did you forget to use `express-session` middleware?
    at SessionStrategy.authenticate (/media/beshoy/896fcdf4-a24a-47c6-83ba-50bdaa65e6d5/work/Auth Task/Auth-LogingModule API/node_modules/passport/lib/strategies/session.js:46:41)
    at attempt (/media/beshoy/896fcdf4-a24a-47c6-83ba-50bdaa65e6d5/work/Auth Task/Auth-LogingModule API/node_modules/passport/lib/middleware/authenticate.js:369:16)
    at authenticate (/media/beshoy/896fcdf4-a24a-47c6-83ba-50bdaa65e6d5/work/Auth Task/Auth-LogingModule API/node_modules/passport/lib/middleware/authenticate.js:370:7)
    at Layer.handle [as handle_request] (/media/beshoy/896fcdf4-a24a-47c6-83ba-50bdaa65e6d5/work/Auth Task/Auth-LogingModule API/node_modules/express/lib/router/layer.js:95:5)
    at trim_prefix (/media/beshoy/896fcdf4-a24a-47c6-83ba-50bdaa65e6d5/work/Auth Task/Auth-LogingModule API/node_modules/express/lib/router/index.js:328:13)
    at /media/beshoy/896fcdf4-a24a-47c6-83ba-50bdaa65e6d5/work/Auth Task/Auth-LogingModule API/node_modules/express/lib/router/index.js:286:9
    at Function.process_params (/media/beshoy/896fcdf4-a24a-47c6-83ba-50bdaa65e6d5/work/Auth Task/Auth-LogingModule API/node_modules/express/lib/router/index.js:346:12)
    at next (/media/beshoy/896fcdf4-a24a-47c6-83ba-50bdaa65e6d5/work/Auth Task/Auth-LogingModule API/node_modules/express/lib/router/index.js:280:10)
    at compression (/media/beshoy/896fcdf4-a24a-47c6-83ba-50bdaa65e6d5/work/Auth Task/Auth-LogingModule API/node_modules/compression/index.js:220:5)
    at Layer.handle [as handle_request] (/media/beshoy/896fcdf4-a24a-47c6-83ba-50bdaa65e6d5/work/Auth Task/Auth-LogingModule API/node_modules/express/lib/router/layer.js:95:5)
2023-07-06 10:47:16:4716 error: error: Error: Login sessions require session support. Did you forget to use `express-session` middleware? 
error stack: Error: Login sessions require session support. Did you forget to use `express-session` middleware?
    at SessionStrategy.authenticate (/media/beshoy/896fcdf4-a24a-47c6-83ba-50bdaa65e6d5/work/Auth Task/Auth-LogingModule API/node_modules/passport/lib/strategies/session.js:46:41)
    at attempt (/media/beshoy/896fcdf4-a24a-47c6-83ba-50bdaa65e6d5/work/Auth Task/Auth-LogingModule API/node_modules/passport/lib/middleware/authenticate.js:369:16)
    at authenticate (/media/beshoy/896fcdf4-a24a-47c6-83ba-50bdaa65e6d5/work/Auth Task/Auth-LogingModule API/node_modules/passport/lib/middleware/authenticate.js:370:7)
    at Layer.handle [as handle_request] (/media/beshoy/896fcdf4-a24a-47c6-83ba-50bdaa65e6d5/work/Auth Task/Auth-LogingModule API/node_modules/express/lib/router/layer.js:95:5)
    at trim_prefix (/media/beshoy/896fcdf4-a24a-47c6-83ba-50bdaa65e6d5/work/Auth Task/Auth-LogingModule API/node_modules/express/lib/router/index.js:328:13)
    at /media/beshoy/896fcdf4-a24a-47c6-83ba-50bdaa65e6d5/work/Auth Task/Auth-LogingModule API/node_modules/express/lib/router/index.js:286:9
    at Function.process_params (/media/beshoy/896fcdf4-a24a-47c6-83ba-50bdaa65e6d5/work/Auth Task/Auth-LogingModule API/node_modules/express/lib/router/index.js:346:12)
    at next (/media/beshoy/896fcdf4-a24a-47c6-83ba-50bdaa65e6d5/work/Auth Task/Auth-LogingModule API/node_modules/express/lib/router/index.js:280:10)
    at compression (/media/beshoy/896fcdf4-a24a-47c6-83ba-50bdaa65e6d5/work/Auth Task/Auth-LogingModule API/node_modules/compression/index.js:220:5)
    at Layer.handle [as handle_request] (/media/beshoy/896fcdf4-a24a-47c6-83ba-50bdaa65e6d5/work/Auth Task/Auth-LogingModule API/node_modules/express/lib/router/layer.js:95:5)
2023-07-06 10:49:06:496 error: error: Error: Login sessions require session support. Did you forget to use `express-session` middleware? 
error stack: Error: Login sessions require session support. Did you forget to use `express-session` middleware?
    at SessionStrategy.authenticate (/media/beshoy/896fcdf4-a24a-47c6-83ba-50bdaa65e6d5/work/Auth Task/Auth-LogingModule API/node_modules/passport/lib/strategies/session.js:46:41)
    at attempt (/media/beshoy/896fcdf4-a24a-47c6-83ba-50bdaa65e6d5/work/Auth Task/Auth-LogingModule API/node_modules/passport/lib/middleware/authenticate.js:369:16)
    at authenticate (/media/beshoy/896fcdf4-a24a-47c6-83ba-50bdaa65e6d5/work/Auth Task/Auth-LogingModule API/node_modules/passport/lib/middleware/authenticate.js:370:7)
    at Layer.handle [as handle_request] (/media/beshoy/896fcdf4-a24a-47c6-83ba-50bdaa65e6d5/work/Auth Task/Auth-LogingModule API/node_modules/express/lib/router/layer.js:95:5)
    at trim_prefix (/media/beshoy/896fcdf4-a24a-47c6-83ba-50bdaa65e6d5/work/Auth Task/Auth-LogingModule API/node_modules/express/lib/router/index.js:328:13)
    at /media/beshoy/896fcdf4-a24a-47c6-83ba-50bdaa65e6d5/work/Auth Task/Auth-LogingModule API/node_modules/express/lib/router/index.js:286:9
    at Function.process_params (/media/beshoy/896fcdf4-a24a-47c6-83ba-50bdaa65e6d5/work/Auth Task/Auth-LogingModule API/node_modules/express/lib/router/index.js:346:12)
    at next (/media/beshoy/896fcdf4-a24a-47c6-83ba-50bdaa65e6d5/work/Auth Task/Auth-LogingModule API/node_modules/express/lib/router/index.js:280:10)
    at compression (/media/beshoy/896fcdf4-a24a-47c6-83ba-50bdaa65e6d5/work/Auth Task/Auth-LogingModule API/node_modules/compression/index.js:220:5)
    at Layer.handle [as handle_request] (/media/beshoy/896fcdf4-a24a-47c6-83ba-50bdaa65e6d5/work/Auth Task/Auth-LogingModule API/node_modules/express/lib/router/layer.js:95:5)
2023-07-06 10:52:42:5242 error: error: Error: secret option required for sessions 
error stack: Error: secret option required for sessions
    at session (/media/beshoy/896fcdf4-a24a-47c6-83ba-50bdaa65e6d5/work/Auth Task/Auth-LogingModule API/node_modules/express-session/index.js:200:12)
    at Layer.handle [as handle_request] (/media/beshoy/896fcdf4-a24a-47c6-83ba-50bdaa65e6d5/work/Auth Task/Auth-LogingModule API/node_modules/express/lib/router/layer.js:95:5)
    at trim_prefix (/media/beshoy/896fcdf4-a24a-47c6-83ba-50bdaa65e6d5/work/Auth Task/Auth-LogingModule API/node_modules/express/lib/router/index.js:328:13)
    at /media/beshoy/896fcdf4-a24a-47c6-83ba-50bdaa65e6d5/work/Auth Task/Auth-LogingModule API/node_modules/express/lib/router/index.js:286:9
    at Function.process_params (/media/beshoy/896fcdf4-a24a-47c6-83ba-50bdaa65e6d5/work/Auth Task/Auth-LogingModule API/node_modules/express/lib/router/index.js:346:12)
    at next (/media/beshoy/896fcdf4-a24a-47c6-83ba-50bdaa65e6d5/work/Auth Task/Auth-LogingModule API/node_modules/express/lib/router/index.js:280:10)
    at compression (/media/beshoy/896fcdf4-a24a-47c6-83ba-50bdaa65e6d5/work/Auth Task/Auth-LogingModule API/node_modules/compression/index.js:220:5)
    at Layer.handle [as handle_request] (/media/beshoy/896fcdf4-a24a-47c6-83ba-50bdaa65e6d5/work/Auth Task/Auth-LogingModule API/node_modules/express/lib/router/layer.js:95:5)
    at trim_prefix (/media/beshoy/896fcdf4-a24a-47c6-83ba-50bdaa65e6d5/work/Auth Task/Auth-LogingModule API/node_modules/express/lib/router/index.js:328:13)
    at /media/beshoy/896fcdf4-a24a-47c6-83ba-50bdaa65e6d5/work/Auth Task/Auth-LogingModule API/node_modules/express/lib/router/index.js:286:9
2023-07-06 10:53:14:5314 http: GET /auth/github 302 0 - 2.157 ms

2023-07-06 10:53:18:5318 http: GET /auth/github/callback?code=c96e8a9d183054318b2f 200 34 - 1032.674 ms

2023-07-06 11:16:20:1620 http: GET /auth/github 302 0 - 1.912 ms

2023-07-06 11:16:22:1622 http: GET /auth/github/callback?code=0525577a8f78a66ea19d 302 86 - 1573.198 ms

2023-07-06 11:18:33:1833 http: GET /auth/github 302 0 - 1.811 ms

2023-07-06 11:18:37:1837 http: GET /auth/github/callback?code=aef0e392b640b45e081c 302 86 - 1859.714 ms

2023-07-06 11:37:12:3712 http: GET /auth/github 302 0 - 2.210 ms

2023-07-06 11:37:14:3714 http: GET /auth/github/callback?code=d3bccd598321b148d016 302 86 - 1296.338 ms

2023-07-06 11:42:55:4255 http: GET /auth/github 302 0 - 2.934 ms

2023-07-06 11:43:00:430 http: GET /auth/github/callback?code=8d6259f46be579756b94 302 86 - 1097.416 ms

2023-07-06 12:21:55:2155 http: GET /auth/github 302 0 - 1.721 ms

2023-07-06 12:21:57:2157 http: GET /auth/github/callback?code=1d4c62d4a5474456ad22 302 86 - 1207.834 ms

2023-07-06 12:22:57:2257 http: GET /auth/github 302 0 - 1.694 ms

2023-07-06 12:22:59:2259 http: GET /auth/github/callback?code=ec7d9b9a06d2d9dd024e 302 86 - 1546.029 ms

2023-07-06 12:25:47:2547 http: GET /auth/github 302 0 - 2.483 ms

2023-07-06 12:25:52:2552 http: GET /auth/github/callback?code=76b2a620e502fa29587e 401 - - 1473.309 ms

2023-07-06 12:27:03:273 error: error: Error: Failed to obtain access token 
error stack: Error: Failed to obtain access token
    at /media/beshoy/896fcdf4-a24a-47c6-83ba-50bdaa65e6d5/work/Auth Task/Auth-LogingModule API/node_modules/passport-oauth2/lib/strategy.js:178:49
    at /media/beshoy/896fcdf4-a24a-47c6-83ba-50bdaa65e6d5/work/Auth Task/Auth-LogingModule API/node_modules/oauth/lib/oauth2.js:209:7
    at passBackControl (/media/beshoy/896fcdf4-a24a-47c6-83ba-50bdaa65e6d5/work/Auth Task/Auth-LogingModule API/node_modules/oauth/lib/oauth2.js:134:9)
    at IncomingMessage.<anonymous> (/media/beshoy/896fcdf4-a24a-47c6-83ba-50bdaa65e6d5/work/Auth Task/Auth-LogingModule API/node_modules/oauth/lib/oauth2.js:157:7)
    at IncomingMessage.emit (node:events:525:35)
    at IncomingMessage.emit (node:domain:489:12)
    at endReadableNT (node:internal/streams/readable:1359:12)
    at processTicksAndRejections (node:internal/process/task_queues:82:21)
2023-07-06 12:27:03:273 http: GET /auth/github/callback?code=76b2a620e502fa29587e 500 991 - 536.880 ms

2023-07-06 12:27:10:2710 error: error: Error: Failed to obtain access token 
error stack: Error: Failed to obtain access token
    at /media/beshoy/896fcdf4-a24a-47c6-83ba-50bdaa65e6d5/work/Auth Task/Auth-LogingModule API/node_modules/passport-oauth2/lib/strategy.js:178:49
    at /media/beshoy/896fcdf4-a24a-47c6-83ba-50bdaa65e6d5/work/Auth Task/Auth-LogingModule API/node_modules/oauth/lib/oauth2.js:209:7
    at passBackControl (/media/beshoy/896fcdf4-a24a-47c6-83ba-50bdaa65e6d5/work/Auth Task/Auth-LogingModule API/node_modules/oauth/lib/oauth2.js:134:9)
    at IncomingMessage.<anonymous> (/media/beshoy/896fcdf4-a24a-47c6-83ba-50bdaa65e6d5/work/Auth Task/Auth-LogingModule API/node_modules/oauth/lib/oauth2.js:157:7)
    at IncomingMessage.emit (node:events:525:35)
    at IncomingMessage.emit (node:domain:489:12)
    at endReadableNT (node:internal/streams/readable:1359:12)
    at processTicksAndRejections (node:internal/process/task_queues:82:21)
2023-07-06 12:27:10:2710 http: GET /auth/github/callback?code=76b2a620e502fa29587e 500 991 - 437.532 ms

2023-07-06 12:27:23:2723 http: GET /auth/github 302 0 - 0.717 ms

2023-07-06 12:27:29:2729 http: GET /auth/github/callback?code=15df451c08b3f7da1849 401 - - 1662.024 ms

2023-07-06 12:27:58:2758 error: error: Error: Failed to obtain access token 
error stack: Error: Failed to obtain access token
    at /media/beshoy/896fcdf4-a24a-47c6-83ba-50bdaa65e6d5/work/Auth Task/Auth-LogingModule API/node_modules/passport-oauth2/lib/strategy.js:178:49
    at /media/beshoy/896fcdf4-a24a-47c6-83ba-50bdaa65e6d5/work/Auth Task/Auth-LogingModule API/node_modules/oauth/lib/oauth2.js:209:7
    at passBackControl (/media/beshoy/896fcdf4-a24a-47c6-83ba-50bdaa65e6d5/work/Auth Task/Auth-LogingModule API/node_modules/oauth/lib/oauth2.js:134:9)
    at IncomingMessage.<anonymous> (/media/beshoy/896fcdf4-a24a-47c6-83ba-50bdaa65e6d5/work/Auth Task/Auth-LogingModule API/node_modules/oauth/lib/oauth2.js:157:7)
    at IncomingMessage.emit (node:events:525:35)
    at IncomingMessage.emit (node:domain:489:12)
    at endReadableNT (node:internal/streams/readable:1359:12)
    at processTicksAndRejections (node:internal/process/task_queues:82:21)
2023-07-06 12:27:58:2758 http: GET /auth/github/callback?code=15df451c08b3f7da1849 500 991 - 607.201 ms

2023-07-06 12:28:07:287 error: error: Error: Failed to obtain access token 
error stack: Error: Failed to obtain access token
    at /media/beshoy/896fcdf4-a24a-47c6-83ba-50bdaa65e6d5/work/Auth Task/Auth-LogingModule API/node_modules/passport-oauth2/lib/strategy.js:178:49
    at /media/beshoy/896fcdf4-a24a-47c6-83ba-50bdaa65e6d5/work/Auth Task/Auth-LogingModule API/node_modules/oauth/lib/oauth2.js:209:7
    at passBackControl (/media/beshoy/896fcdf4-a24a-47c6-83ba-50bdaa65e6d5/work/Auth Task/Auth-LogingModule API/node_modules/oauth/lib/oauth2.js:134:9)
    at IncomingMessage.<anonymous> (/media/beshoy/896fcdf4-a24a-47c6-83ba-50bdaa65e6d5/work/Auth Task/Auth-LogingModule API/node_modules/oauth/lib/oauth2.js:157:7)
    at IncomingMessage.emit (node:events:525:35)
    at IncomingMessage.emit (node:domain:489:12)
    at endReadableNT (node:internal/streams/readable:1359:12)
    at processTicksAndRejections (node:internal/process/task_queues:82:21)
2023-07-06 12:28:07:287 http: GET /auth/github/callback?code=15df451c08b3f7da1849 500 991 - 465.367 ms

2023-07-06 12:28:12:2812 http: GET /auth/github/callback?code=9cc77639cdecb4ba32e4 302 86 - 1793.783 ms

2023-07-06 13:12:40:1240 http: GET /auth/github 302 0 - 2.003 ms

2023-07-06 13:12:42:1242 http: GET /auth/github/callback?code=e965d41622fa2655e46b 302 86 - 1164.250 ms

2023-07-06 13:17:56:1756 http: GET /auth/github 302 0 - 2.153 ms

2023-07-06 13:17:57:1757 http: GET /auth/github/callback?code=39c5203255b2febe6056 302 86 - 1132.593 ms

2023-07-06 14:03:41:341 http: GET /auth/github 302 0 - 2.353 ms

2023-07-06 14:03:43:343 error: error: ValidationError: last_name: Path `last_name` is required. 
error stack: ValidationError: user validation failed: last_name: Path `last_name` is required.
    at model.Document.invalidate (/media/beshoy/896fcdf4-a24a-47c6-83ba-50bdaa65e6d5/work/Auth Task/Auth-LogingModule API/node_modules/mongoose/lib/document.js:3147:32)
    at /media/beshoy/896fcdf4-a24a-47c6-83ba-50bdaa65e6d5/work/Auth Task/Auth-LogingModule API/node_modules/mongoose/lib/document.js:2940:17
    at /media/beshoy/896fcdf4-a24a-47c6-83ba-50bdaa65e6d5/work/Auth Task/Auth-LogingModule API/node_modules/mongoose/lib/schematype.js:1352:9
    at processTicksAndRejections (node:internal/process/task_queues:77:11)
2023-07-06 14:03:43:343 http: GET /auth/github/callback?code=0340d54fbafd044f362d 500 1144 - 1242.297 ms

2023-07-06 14:05:24:524 http: GET /auth/github 302 0 - 1.947 ms

2023-07-06 14:05:25:525 error: error: ValidationError: last_name: Path `last_name` is required. 
error stack: ValidationError: user validation failed: last_name: Path `last_name` is required.
    at model.Document.invalidate (/media/beshoy/896fcdf4-a24a-47c6-83ba-50bdaa65e6d5/work/Auth Task/Auth-LogingModule API/node_modules/mongoose/lib/document.js:3147:32)
    at /media/beshoy/896fcdf4-a24a-47c6-83ba-50bdaa65e6d5/work/Auth Task/Auth-LogingModule API/node_modules/mongoose/lib/document.js:2940:17
    at /media/beshoy/896fcdf4-a24a-47c6-83ba-50bdaa65e6d5/work/Auth Task/Auth-LogingModule API/node_modules/mongoose/lib/schematype.js:1352:9
    at processTicksAndRejections (node:internal/process/task_queues:77:11)
2023-07-06 14:05:25:525 http: GET /auth/github/callback?code=e229d79444d5039bfa5c 500 1144 - 1063.131 ms

2023-07-06 14:09:03:93 http: GET /auth/github 302 0 - 2.109 ms

2023-07-06 14:09:10:910 error: error: ValidationError: last_name: Path `last_name` is required. 
error stack: ValidationError: user validation failed: last_name: Path `last_name` is required.
    at model.Document.invalidate (/media/beshoy/896fcdf4-a24a-47c6-83ba-50bdaa65e6d5/work/Auth Task/Auth-LogingModule API/node_modules/mongoose/lib/document.js:3147:32)
    at /media/beshoy/896fcdf4-a24a-47c6-83ba-50bdaa65e6d5/work/Auth Task/Auth-LogingModule API/node_modules/mongoose/lib/document.js:2940:17
    at /media/beshoy/896fcdf4-a24a-47c6-83ba-50bdaa65e6d5/work/Auth Task/Auth-LogingModule API/node_modules/mongoose/lib/schematype.js:1352:9
    at processTicksAndRejections (node:internal/process/task_queues:77:11)
2023-07-06 14:09:10:910 http: GET /auth/github/callback?code=be5b951949aaa622aa33 500 1144 - 1278.005 ms

2023-07-06 14:12:31:1231 http: GET /auth/github 302 0 - 3.030 ms

2023-07-06 14:12:33:1233 http: GET /auth/github/callback?code=76edd7892ed56ee8e9ab 302 86 - 1143.057 ms

2023-07-06 14:15:43:1543 http: GET /auth/github 302 0 - 1.940 ms

2023-07-06 14:15:49:1549 http: GET /auth/github/callback?code=7eb7c964f97f67c4c1a4 302 86 - 1096.589 ms

2023-07-06 14:28:37:2837 http: POST /auth/login 400 57 - 81.298 ms

2023-07-06 14:29:20:2920 http: POST /auth/signup 200 310 - 78.280 ms

2023-07-06 14:29:29:2929 http: POST /auth/login 200 439 - 76.071 ms

2023-07-06 14:37:40:3740 http: GET /auth/github 302 0 - 3.581 ms

2023-07-06 14:37:42:3742 http: GET /auth/github/callback?code=39c59698604a7fa3d0b4 302 86 - 1272.603 ms

2023-07-06 14:42:25:4225 http: GET /auth/login/success 200 167 - 3.795 ms

2023-07-06 14:42:40:4240 http: GET /auth/login/success 200 167 - 1.451 ms

2023-07-06 14:43:08:438 http: GET /auth/login/success 200 167 - 1.235 ms

2023-07-06 14:44:15:4415 http: GET /auth/login/success 200 55 - 0.267 ms

2023-07-06 14:44:42:4442 http: GET /auth/github 302 0 - 0.383 ms

2023-07-06 14:44:44:4444 http: GET /auth/github/callback?code=c001df7459ab874c5d77 302 86 - 1033.812 ms

2023-07-06 14:44:44:4444 http: GET /auth/login/success 304 - - 0.462 ms

2023-07-06 14:45:27:4527 http: GET /auth/login/success 304 - - 3.561 ms

2023-07-06 14:45:42:4542 http: GET /auth/github 302 0 - 2.032 ms

2023-07-06 14:45:44:4544 http: GET /auth/github/callback?code=e2ddacf502c2c85d62ca 302 86 - 1810.742 ms

2023-07-06 14:45:44:4544 http: GET /auth/login/success 304 - - 0.772 ms

2023-07-06 14:47:12:4712 http: GET /auth/github 302 0 - 2.318 ms

2023-07-06 14:47:15:4715 http: GET /auth/github/callback?code=1950fa606cce6e0800b8 302 86 - 1036.146 ms

2023-07-06 14:47:16:4716 http: GET /auth/login/success 304 - - 1.334 ms

2023-07-06 14:49:10:4910 http: GET /auth/login/success 304 - - 0.346 ms

2023-07-06 14:49:19:4919 http: POST /auth/requestPasswordReset 200 54 - 96.719 ms

2023-07-06 14:49:22:4922 info: [object Object]
2023-07-06 15:01:40:140 http: GET /auth/login/success 304 - - 4.359 ms

2023-07-06 15:02:16:216 http: GET /auth/login/success 304 - - 2.982 ms

2023-07-06 15:02:19:219 http: GET /auth/login/success 304 - - 0.692 ms

2023-07-06 15:04:07:47 http: GET /auth/login/success 304 - - 4.237 ms

2023-07-06 15:04:09:49 http: GET /auth/login/success 304 - - 0.747 ms

2023-07-06 15:04:10:410 http: GET /auth/github 302 0 - 1.581 ms

2023-07-06 15:04:12:412 http: GET /auth/github/callback?code=c5a979518f6431440726 302 86 - 1087.480 ms

2023-07-06 15:04:12:412 http: GET /auth/login/success 304 - - 0.437 ms

2023-07-06 15:08:19:819 http: GET /auth/login/success 304 - - 2.840 ms

2023-07-06 15:09:09:99 http: GET /auth/login/success 304 - - 1.029 ms

2023-07-06 15:09:15:915 http: GET /auth/login/success 304 - - 0.467 ms

2023-07-06 15:09:54:954 http: GET /auth/login/success 304 - - 3.783 ms

2023-07-06 15:10:32:1032 http: GET /auth/login/success 304 - - 0.901 ms

2023-07-06 15:10:35:1035 http: GET /auth/login/success 304 - - 0.483 ms

2023-07-06 15:10:50:1050 http: GET /auth/login/success 304 - - 0.346 ms

2023-07-06 15:12:43:1243 http: GET /auth/login/success 304 - - 3.268 ms

2023-07-06 15:13:40:1340 http: GET /auth/login/success 304 - - 2.731 ms

2023-07-06 15:14:30:1430 http: GET /auth/login/success 304 - - 3.284 ms

2023-07-06 15:14:35:1435 http: GET /auth/github 302 0 - 2.190 ms

2023-07-06 15:14:37:1437 http: GET /auth/github/callback?code=1b7c04b1de1b5c74f44c - - - - ms

2023-07-06 15:14:37:1437 http: GET /auth/github 302 0 - 0.526 ms

2023-07-06 15:14:38:1438 http: GET /auth/github/callback?code=1e3a4ce7ed39dc838c8d 302 86 - 1067.418 ms

2023-07-06 15:14:38:1438 http: GET /auth/login/success 200 167 - 3.761 ms

2023-07-06 15:15:10:1510 http: GET /auth/login/success 200 55 - 2.297 ms

2023-07-06 15:16:52:1652 http: GET /auth/login/success 304 - - 1.187 ms

2023-07-06 15:16:59:1659 http: GET /auth/github 302 0 - 1.796 ms

2023-07-06 15:17:01:171 http: GET /auth/github/callback?code=ea9c550bd6590c56ab08 302 86 - 1014.523 ms

2023-07-06 15:17:02:172 http: GET /auth/login/success 200 167 - 4.456 ms

2023-07-06 15:17:41:1741 http: GET /auth/login/success 200 55 - 3.099 ms

2023-07-06 15:17:43:1743 http: GET /auth/github 302 0 - 1.725 ms

2023-07-06 15:17:45:1745 http: GET /auth/github/callback?code=9564a7ce52f2385403df 302 86 - 1084.600 ms

2023-07-06 15:17:45:1745 http: GET /auth/login/success 200 462 - 3.252 ms

2023-07-06 15:18:38:1838 http: GET /auth/login/success 200 462 - 1.872 ms

2023-07-06 15:18:53:1853 http: GET /auth/login/success 200 462 - 3.589 ms

2023-07-06 15:18:56:1856 http: GET /auth/github 302 0 - 0.449 ms

2023-07-06 15:18:58:1858 http: GET /auth/github/callback?code=b9d2f54f2059b6500b66 302 86 - 1618.314 ms

2023-07-06 15:18:59:1859 http: GET /auth/login/success 200 462 - 1.673 ms

2023-07-06 15:19:47:1947 http: GET /auth/login/success 200 462 - 1.842 ms

2023-07-06 15:19:49:1949 http: GET /auth/github 302 0 - 0.497 ms

2023-07-06 15:19:51:1951 http: GET /auth/github/callback?code=fce7ee9e64247dba78c4 302 86 - 1021.046 ms

2023-07-06 15:19:51:1951 http: GET /auth/login/success 200 462 - 1.672 ms

2023-07-06 15:19:53:1953 http: GET /auth/github 302 0 - 0.729 ms

2023-07-06 15:19:54:1954 http: GET /auth/github/callback?code=2cf1e46e6b118599328f 302 86 - 1084.902 ms

2023-07-06 15:19:55:1955 http: GET /auth/login/success 200 462 - 1.444 ms

2023-07-06 15:20:02:202 http: GET /auth/login/success 200 462 - 1.460 ms

2023-07-06 15:20:03:203 http: GET /auth/github 302 0 - 1.354 ms

2023-07-06 15:20:05:205 http: GET /auth/github/callback?code=0fd8933703273412c7dc 302 86 - 992.874 ms

2023-07-06 15:20:05:205 http: GET /auth/login/success 200 462 - 1.658 ms

2023-07-06 15:20:30:2030 http: GET /auth/login/success 200 462 - 1.094 ms

2023-07-06 15:20:31:2031 http: GET /auth/github 302 0 - 0.375 ms

2023-07-06 15:20:36:2036 http: GET /auth/github/callback?code=bd602fc221b35189916f 302 86 - 1175.183 ms

2023-07-06 15:20:36:2036 http: GET /auth/login/success 200 462 - 1.522 ms

2023-07-06 15:25:15:2515 http: GET /auth/login/success 200 462 - 1.338 ms

2023-07-06 15:25:30:2530 http: GET /auth/login/success 200 55 - 0.395 ms

2023-07-06 15:25:32:2532 http: GET /auth/login/success 304 - - 0.516 ms

2023-07-06 15:25:42:2542 http: GET /auth/login/success 304 - - 0.302 ms

2023-07-06 15:26:16:2616 http: GET /auth/github 302 0 - 0.344 ms

2023-07-06 15:26:19:2619 http: GET /auth/github/callback?code=f9df60e848dc9c850465 302 86 - 1150.005 ms

2023-07-06 15:26:20:2620 http: GET /auth/login/success 200 462 - 1.167 ms

2023-07-06 15:28:17:2817 http: GET /auth/login/success 200 462 - 1.163 ms

2023-07-06 15:28:21:2821 http: GET /auth/github 302 0 - 0.612 ms

2023-07-06 15:28:23:2823 http: GET /auth/github/callback?code=b89b88b1f20f1ae39e38 302 86 - 995.500 ms

2023-07-06 15:28:23:2823 http: GET /auth/login/success 200 462 - 1.372 ms

2023-07-06 15:28:32:2832 http: GET /auth/login/success 200 462 - 1.347 ms

2023-07-06 15:29:23:2923 http: GET /auth/login/success 200 462 - 1.633 ms

2023-07-06 15:32:35:3235 http: GET /auth/login/success 200 462 - 1.707 ms

2023-07-06 15:32:40:3240 http: GET /auth/login/success 200 462 - 1.684 ms

2023-07-06 15:32:41:3241 http: GET /auth/github 302 0 - 0.549 ms

2023-07-06 15:32:42:3242 http: GET /auth/github/callback?code=71ad083545c0b4074fa8 302 86 - 1043.590 ms

2023-07-06 15:32:43:3243 http: GET /auth/login/success 200 462 - 1.258 ms

2023-07-06 15:34:13:3413 http: GET /auth/login/success 200 462 - 1.504 ms

